[2021-05-14 08:46:29] [ INFO ] [ProductoController:80] ACCEDIENDO A LA PAGINA DE INICIO
[2021-05-14 18:05:25] [ INFO ] [ProductoController:80] ACCEDIENDO A LA PAGINA DE INICIO
[2021-05-14 18:05:27] [ INFO ] [ProductoController:80] ACCEDIENDO A LA PAGINA DE INICIO
[2021-05-14 18:05:30] [ INFO ] [ProductoController:80] ACCEDIENDO A LA PAGINA DE INICIO
[2021-05-14 18:05:33] [ INFO ] [CarritoController:46] MOSTRANDO VISTA DEL LOGIN
[2021-05-14 18:05:38] [ INFO ] [ProductoController:80] ACCEDIENDO A LA PAGINA DE INICIO
[2021-05-14 18:05:39] [ INFO ] [CarritoController:72] ANADIENDO PRODUCTO AL CARRITO
[2021-05-14 18:05:39] [ INFO ] [CarritoController:91] PRODUCTO ANADIDO AL CARRITO
[2021-05-14 18:05:39] [ INFO ] [CarritoController:64] MOSTRANDO LA LISTA DEL CARRITO
[2021-05-14 18:05:42] [ INFO ] [CarritoController:100] ELIMINANDO PRODUCTO DEL CARRITO
[2021-05-14 18:05:42] [ INFO ] [CarritoController:111] PRODUCTO ELMININADO DEL CARRITO
[2021-05-14 18:05:42] [ INFO ] [CarritoController:64] MOSTRANDO LA LISTA DEL CARRITO
[2021-05-14 18:05:43] [ INFO ] [ProductoController:80] ACCEDIENDO A LA PAGINA DE INICIO
[2021-05-14 18:05:45] [ INFO ] [CarritoController:46] MOSTRANDO VISTA DEL LOGIN
[2021-05-14 18:05:51] [ INFO ] [CarritoController:55] VALIDANDO LOGIN
[2021-05-14 18:05:51] [ INFO ] [ProductoController:74] USUARIO NO ES NULL
[2021-05-14 18:05:51] [ INFO ] [CarritoController:61] LOGIN VALIDADO
[2021-05-14 18:05:51] [ INFO ] [CarritoController:78] REDIRECCIONANDO AL INICIO
[2021-05-14 18:05:51] [ INFO ] [ProductoController:80] ACCEDIENDO A LA PAGINA DE INICIO
[2021-05-14 18:05:53] [ INFO ] [ProductoController:88] OBTENIENDO LA LISTA DE PRODUCTOS
[2021-05-14 18:05:53] [ INFO ] [ProductoController:94] MOSTRANDO LA LISTA DE PRODUCTOS
[2021-05-14 18:05:56] [ INFO ] [ProductoController:167] MOSTRANDO VISTA DE EDICION PRODUCTO
[2021-05-14 18:06:13] [ INFO ] [ProductoController:176] GUARDANDO EDICION DE PRODUCTO
[2021-05-14 18:06:13] [ INFO ] [ProductoController:200] PRODUCTO GUARDADO
[2021-05-14 18:06:13] [ INFO ] [ProductoController:88] OBTENIENDO LA LISTA DE PRODUCTOS
[2021-05-14 18:06:13] [ INFO ] [ProductoController:94] MOSTRANDO LA LISTA DE PRODUCTOS
[2021-05-14 18:06:15] [ INFO ] [ProductoController:167] MOSTRANDO VISTA DE EDICION PRODUCTO
[2021-05-14 18:06:35] [ INFO ] [ProductoController:176] GUARDANDO EDICION DE PRODUCTO
[2021-05-14 18:06:35] [ INFO ] [ProductoController:200] PRODUCTO GUARDADO
[2021-05-14 18:06:35] [ INFO ] [ProductoController:88] OBTENIENDO LA LISTA DE PRODUCTOS
[2021-05-14 18:06:35] [ INFO ] [ProductoController:94] MOSTRANDO LA LISTA DE PRODUCTOS
[2021-05-14 18:06:36] [ INFO ] [ProductoController:167] MOSTRANDO VISTA DE EDICION PRODUCTO
[2021-05-14 18:06:40] [ INFO ] [ProductoController:176] GUARDANDO EDICION DE PRODUCTO
[2021-05-14 18:06:40] [ INFO ] [ProductoController:200] PRODUCTO GUARDADO
[2021-05-14 18:06:40] [ INFO ] [ProductoController:88] OBTENIENDO LA LISTA DE PRODUCTOS
[2021-05-14 18:06:40] [ INFO ] [ProductoController:94] MOSTRANDO LA LISTA DE PRODUCTOS
[2021-05-14 18:06:42] [ INFO ] [ProductoController:167] MOSTRANDO VISTA DE EDICION PRODUCTO
[2021-05-14 18:06:45] [ INFO ] [ProductoController:176] GUARDANDO EDICION DE PRODUCTO
[2021-05-14 18:06:45] [ INFO ] [ProductoController:200] PRODUCTO GUARDADO
[2021-05-14 18:06:45] [ INFO ] [ProductoController:88] OBTENIENDO LA LISTA DE PRODUCTOS
[2021-05-14 18:06:45] [ INFO ] [ProductoController:94] MOSTRANDO LA LISTA DE PRODUCTOS
[2021-05-14 18:06:47] [ INFO ] [ProductoController:167] MOSTRANDO VISTA DE EDICION PRODUCTO
[2021-05-14 18:06:50] [ INFO ] [ProductoController:176] GUARDANDO EDICION DE PRODUCTO
[2021-05-14 18:06:50] [ INFO ] [ProductoController:200] PRODUCTO GUARDADO
[2021-05-14 18:06:50] [ INFO ] [ProductoController:88] OBTENIENDO LA LISTA DE PRODUCTOS
[2021-05-14 18:06:50] [ INFO ] [ProductoController:94] MOSTRANDO LA LISTA DE PRODUCTOS
[2021-05-14 18:06:52] [ INFO ] [ProductoController:167] MOSTRANDO VISTA DE EDICION PRODUCTO
[2021-05-14 18:06:55] [ INFO ] [ProductoController:176] GUARDANDO EDICION DE PRODUCTO
[2021-05-14 18:06:55] [ INFO ] [ProductoController:200] PRODUCTO GUARDADO
[2021-05-14 18:06:55] [ INFO ] [ProductoController:88] OBTENIENDO LA LISTA DE PRODUCTOS
[2021-05-14 18:06:55] [ INFO ] [ProductoController:94] MOSTRANDO LA LISTA DE PRODUCTOS
[2021-05-14 18:07:00] [ INFO ] [ProductoController:80] ACCEDIENDO A LA PAGINA DE INICIO
